<?xml version="1.0" encoding="UTF-8"?>
<!-- Generated by org.testng.reporters.JUnitReportReporter -->
<testsuite hostname="DESKTOP-M2G5583" failures="0" tests="3" name="test_scripts.GroupDemo" time="0.019" errors="0" timestamp="4 Jun 2020 06:15:28 GMT" skipped="0">
  <testcase classname="test_scripts.GroupDemo" name="m5" time="0.001"/>
  <testcase classname="test_scripts.GroupDemo" name="m1" time="0.016"/>
  <testcase classname="test_scripts.GroupDemo" name="m3" time="0.002"/>
</testsuite> <!-- test_scripts.GroupDemo -->
